# JRE version: OpenJDK Runtime Environment Corretto-17.0.10.7.1 (17.0.10+7) (build 17.0.10+7-LTS)
# Java VM: OpenJDK 64-Bit Server VM Corretto-17.0.10.7.1 (17.0.10+7-LTS, mixed mode, sharing, tiered, compressed oops, compressed class ptrs, g1 gc, windows-amd64)
GC Precious Log:
 CPUs: 16 total, 16 available
 Memory: 16021M
 Large Page Support: Disabled
 NUMA Support: Disabled
 Compressed Oops: Enabled (Zero based)
 Heap Region Size: 2M
 Heap Min Capacity: 8M
 Heap Initial Capacity: 252M
 Heap Max Capacity: 4006M
 Pre-touch: Disabled
 Parallel Workers: 13
 Concurrent Workers: 3
 Concurrent Refinement Workers: 13
 Periodic GC: Disabled
Heap:
 garbage-first heap   total 258048K, used 69220K [0x0000000705a00000, 0x0000000800000000)
  region size 2048K, 10 young (20480K), 1 survivors (2048K)
 Metaspace       used 2311K, committed 2496K, reserved 1114112K
  class space    used 192K, committed 256K, reserved 1048576K
GC Heap History (10 events):
Event: 1.158 GC heap before
{Heap before GC invocations=0 (full 0):
 garbage-first heap   total 258048K, used 22528K [0x0000000705a00000, 0x0000000800000000)
  region size 2048K, 11 young (22528K), 0 survivors (0K)
 Metaspace       used 1746K, committed 1856K, reserved 1114112K
  class space    used 129K, committed 192K, reserved 1048576K
}
Event: 1.162 GC heap after
{Heap after GC invocations=1 (full 0):
 garbage-first heap   total 258048K, used 1610K [0x0000000705a00000, 0x0000000800000000)
  region size 2048K, 1 young (2048K), 1 survivors (2048K)
 Metaspace       used 1746K, committed 1856K, reserved 1114112K
  class space    used 129K, committed 192K, reserved 1048576K
}
Event: 111.778 GC heap before
{Heap before GC invocations=1 (full 0):
 garbage-first heap   total 258048K, used 42570K [0x0000000705a00000, 0x0000000800000000)
  region size 2048K, 21 young (43008K), 1 survivors (2048K)
 Metaspace       used 2304K, committed 2496K, reserved 1114112K
  class space    used 192K, committed 256K, reserved 1048576K
}
Event: 111.923 GC heap after
{Heap after GC invocations=2 (full 0):
 garbage-first heap   total 258048K, used 36158K [0x0000000705a00000, 0x0000000800000000)
  region size 2048K, 3 young (6144K), 3 survivors (6144K)
 Metaspace       used 2304K, committed 2496K, reserved 1114112K
  class space    used 192K, committed 256K, reserved 1048576K
}
Event: 127.532 GC heap before
{Heap before GC invocations=2 (full 0):
 garbage-first heap   total 258048K, used 42302K [0x0000000705a00000, 0x0000000800000000)
  region size 2048K, 6 young (12288K), 3 survivors (6144K)
 Metaspace       used 2309K, committed 2496K, reserved 1114112K
  class space    used 192K, committed 256K, reserved 1048576K
}
Event: 127.549 GC heap after
{Heap after GC invocations=3 (full 0):
 garbage-first heap   total 258048K, used 38336K [0x0000000705a00000, 0x0000000800000000)
  region size 2048K, 1 young (2048K), 1 survivors (2048K)
 Metaspace       used 2309K, committed 2496K, reserved 1114112K
  class space    used 192K, committed 256K, reserved 1048576K
}
Event: 156.300 GC heap before
{Heap before GC invocations=3 (full 0):
 garbage-first heap   total 258048K, used 48576K [0x0000000705a00000, 0x0000000800000000)
  region size 2048K, 6 young (12288K), 1 survivors (2048K)
 Metaspace       used 2311K, committed 2496K, reserved 1114112K
  class space    used 192K, committed 256K, reserved 1048576K
}
Event: 156.338 GC heap after
{Heap after GC invocations=4 (full 0):
 garbage-first heap   total 258048K, used 45607K [0x0000000705a00000, 0x0000000800000000)
  region size 2048K, 1 young (2048K), 1 survivors (2048K)
 Metaspace       used 2311K, committed 2496K, reserved 1114112K
  class space    used 192K, committed 256K, reserved 1048576K
}
Event: 185.732 GC heap before
{Heap before GC invocations=4 (full 0):
 garbage-first heap   total 258048K, used 55847K [0x0000000705a00000, 0x0000000800000000)
  region size 2048K, 6 young (12288K), 1 survivors (2048K)
 Metaspace       used 2311K, committed 2496K, reserved 1114112K
  class space    used 192K, committed 256K, reserved 1048576K
}
Event: 185.771 GC heap after
{Heap after GC invocations=5 (full 0):
 garbage-first heap   total 258048K, used 52836K [0x0000000705a00000, 0x0000000800000000)
  region size 2048K, 1 young (2048K), 1 survivors (2048K)
 Metaspace       used 2311K, committed 2496K, reserved 1114112K
  class space    used 192K, committed 256K, reserved 1048576K
}

